CRITICAL - 2022-04-02 23:20:09 --> Call to undefined method CodeIgniter\View\View::extends()
#0 C:\xampp\htdocs\test-case-jepara\virgiawan\vendor\codeigniter4\framework\system\View\View.php(210): include()
#1 C:\xampp\htdocs\test-case-jepara\virgiawan\vendor\codeigniter4\framework\system\View\View.php(213): CodeIgniter\View\View->CodeIgniter\View\{closure}()
#2 C:\xampp\htdocs\test-case-jepara\virgiawan\vendor\codeigniter4\framework\system\Common.php(1089): CodeIgniter\View\View->render('index', Array, true)
#3 C:\xampp\htdocs\test-case-jepara\virgiawan\app\Controllers\Home.php(13): view('index', Array)
#4 C:\xampp\htdocs\test-case-jepara\virgiawan\vendor\codeigniter4\framework\system\CodeIgniter.php(832): App\Controllers\Home->index()
#5 C:\xampp\htdocs\test-case-jepara\virgiawan\vendor\codeigniter4\framework\system\CodeIgniter.php(419): CodeIgniter\CodeIgniter->runController(Object(App\Controllers\Home))
#6 C:\xampp\htdocs\test-case-jepara\virgiawan\vendor\codeigniter4\framework\system\CodeIgniter.php(326): CodeIgniter\CodeIgniter->handleRequest(NULL, Object(Config\Cache), false)
#7 C:\xampp\htdocs\test-case-jepara\virgiawan\public\index.php(37): CodeIgniter\CodeIgniter->run()
#8 C:\xampp\htdocs\test-case-jepara\virgiawan\vendor\codeigniter4\framework\system\Commands\Server\rewrite.php(43): require_once('C:\\xampp\\htdocs...')
#9 {main}
CRITICAL - 2022-04-02 23:27:49 --> Undefined property: CodeIgniter\View\View::$appName
#0 C:\xampp\htdocs\test-case-jepara\virgiawan\app\Views\layout\template.php(29): CodeIgniter\Debug\Exceptions->errorHandler(8, 'Undefined prope...', 'C:\\xampp\\htdocs...', 29, Array)
#1 C:\xampp\htdocs\test-case-jepara\virgiawan\vendor\codeigniter4\framework\system\View\View.php(210): include('C:\\xampp\\htdocs...')
#2 C:\xampp\htdocs\test-case-jepara\virgiawan\vendor\codeigniter4\framework\system\View\View.php(213): CodeIgniter\View\View->CodeIgniter\View\{closure}()
#3 C:\xampp\htdocs\test-case-jepara\virgiawan\vendor\codeigniter4\framework\system\View\View.php(226): CodeIgniter\View\View->render('layout/template', Array, true)
#4 C:\xampp\htdocs\test-case-jepara\virgiawan\vendor\codeigniter4\framework\system\Common.php(1089): CodeIgniter\View\View->render('index', Array, true)
#5 C:\xampp\htdocs\test-case-jepara\virgiawan\app\Controllers\Home.php(14): view('index', Array)
#6 C:\xampp\htdocs\test-case-jepara\virgiawan\vendor\codeigniter4\framework\system\CodeIgniter.php(832): App\Controllers\Home->index()
#7 C:\xampp\htdocs\test-case-jepara\virgiawan\vendor\codeigniter4\framework\system\CodeIgniter.php(419): CodeIgniter\CodeIgniter->runController(Object(App\Controllers\Home))
#8 C:\xampp\htdocs\test-case-jepara\virgiawan\vendor\codeigniter4\framework\system\CodeIgniter.php(326): CodeIgniter\CodeIgniter->handleRequest(NULL, Object(Config\Cache), false)
#9 C:\xampp\htdocs\test-case-jepara\virgiawan\public\index.php(37): CodeIgniter\CodeIgniter->run()
#10 C:\xampp\htdocs\test-case-jepara\virgiawan\vendor\codeigniter4\framework\system\Commands\Server\rewrite.php(43): require_once('C:\\xampp\\htdocs...')
#11 {main}
CRITICAL - 2022-04-02 23:31:46 --> Invalid file: layout/hero.php
#0 C:\xampp\htdocs\test-case-jepara\virgiawan\vendor\codeigniter4\framework\system\View\View.php(198): CodeIgniter\Exceptions\FrameworkException::forInvalidFile('layout/hero.php')
#1 C:\xampp\htdocs\test-case-jepara\virgiawan\vendor\codeigniter4\framework\system\View\View.php(424): CodeIgniter\View\View->render('layout/hero', NULL, true)
#2 C:\xampp\htdocs\test-case-jepara\virgiawan\app\Views\layout\template.php(23): CodeIgniter\View\View->include('layout/hero')
#3 C:\xampp\htdocs\test-case-jepara\virgiawan\vendor\codeigniter4\framework\system\View\View.php(210): include('C:\\xampp\\htdocs...')
#4 C:\xampp\htdocs\test-case-jepara\virgiawan\vendor\codeigniter4\framework\system\View\View.php(213): CodeIgniter\View\View->CodeIgniter\View\{closure}()
#5 C:\xampp\htdocs\test-case-jepara\virgiawan\vendor\codeigniter4\framework\system\View\View.php(226): CodeIgniter\View\View->render('layout/template', Array, true)
#6 C:\xampp\htdocs\test-case-jepara\virgiawan\vendor\codeigniter4\framework\system\Common.php(1089): CodeIgniter\View\View->render('index', Array, true)
#7 C:\xampp\htdocs\test-case-jepara\virgiawan\app\Controllers\Home.php(14): view('index', Array)
#8 C:\xampp\htdocs\test-case-jepara\virgiawan\vendor\codeigniter4\framework\system\CodeIgniter.php(832): App\Controllers\Home->index()
#9 C:\xampp\htdocs\test-case-jepara\virgiawan\vendor\codeigniter4\framework\system\CodeIgniter.php(419): CodeIgniter\CodeIgniter->runController(Object(App\Controllers\Home))
#10 C:\xampp\htdocs\test-case-jepara\virgiawan\vendor\codeigniter4\framework\system\CodeIgniter.php(326): CodeIgniter\CodeIgniter->handleRequest(NULL, Object(Config\Cache), false)
#11 C:\xampp\htdocs\test-case-jepara\virgiawan\public\index.php(37): CodeIgniter\CodeIgniter->run()
#12 C:\xampp\htdocs\test-case-jepara\virgiawan\vendor\codeigniter4\framework\system\Commands\Server\rewrite.php(43): require_once('C:\\xampp\\htdocs...')
#13 {main}
CRITICAL - 2022-04-02 23:57:06 --> Call to a member function get_category() on null
#0 C:\xampp\htdocs\test-case-jepara\virgiawan\vendor\codeigniter4\framework\system\CodeIgniter.php(832): App\Controllers\Home->index()
#1 C:\xampp\htdocs\test-case-jepara\virgiawan\vendor\codeigniter4\framework\system\CodeIgniter.php(419): CodeIgniter\CodeIgniter->runController(Object(App\Controllers\Home))
#2 C:\xampp\htdocs\test-case-jepara\virgiawan\vendor\codeigniter4\framework\system\CodeIgniter.php(326): CodeIgniter\CodeIgniter->handleRequest(NULL, Object(Config\Cache), false)
#3 C:\xampp\htdocs\test-case-jepara\virgiawan\public\index.php(37): CodeIgniter\CodeIgniter->run()
#4 C:\xampp\htdocs\test-case-jepara\virgiawan\vendor\codeigniter4\framework\system\Commands\Server\rewrite.php(43): require_once('C:\\xampp\\htdocs...')
#5 {main}
CRITICAL - 2022-04-02 23:57:38 --> Call to a member function get_category() on null
#0 C:\xampp\htdocs\test-case-jepara\virgiawan\vendor\codeigniter4\framework\system\CodeIgniter.php(832): App\Controllers\Home->index()
#1 C:\xampp\htdocs\test-case-jepara\virgiawan\vendor\codeigniter4\framework\system\CodeIgniter.php(419): CodeIgniter\CodeIgniter->runController(Object(App\Controllers\Home))
#2 C:\xampp\htdocs\test-case-jepara\virgiawan\vendor\codeigniter4\framework\system\CodeIgniter.php(326): CodeIgniter\CodeIgniter->handleRequest(NULL, Object(Config\Cache), false)
#3 C:\xampp\htdocs\test-case-jepara\virgiawan\public\index.php(37): CodeIgniter\CodeIgniter->run()
#4 C:\xampp\htdocs\test-case-jepara\virgiawan\vendor\codeigniter4\framework\system\Commands\Server\rewrite.php(43): require_once('C:\\xampp\\htdocs...')
#5 {main}
CRITICAL - 2022-04-02 23:57:39 --> Call to a member function get_category() on null
#0 C:\xampp\htdocs\test-case-jepara\virgiawan\vendor\codeigniter4\framework\system\CodeIgniter.php(832): App\Controllers\Home->index()
#1 C:\xampp\htdocs\test-case-jepara\virgiawan\vendor\codeigniter4\framework\system\CodeIgniter.php(419): CodeIgniter\CodeIgniter->runController(Object(App\Controllers\Home))
#2 C:\xampp\htdocs\test-case-jepara\virgiawan\vendor\codeigniter4\framework\system\CodeIgniter.php(326): CodeIgniter\CodeIgniter->handleRequest(NULL, Object(Config\Cache), false)
#3 C:\xampp\htdocs\test-case-jepara\virgiawan\public\index.php(37): CodeIgniter\CodeIgniter->run()
#4 C:\xampp\htdocs\test-case-jepara\virgiawan\vendor\codeigniter4\framework\system\Commands\Server\rewrite.php(43): require_once('C:\\xampp\\htdocs...')
#5 {main}
CRITICAL - 2022-04-02 23:58:16 --> Call to a member function get_category() on null
#0 C:\xampp\htdocs\test-case-jepara\virgiawan\vendor\codeigniter4\framework\system\CodeIgniter.php(832): App\Controllers\Home->index()
#1 C:\xampp\htdocs\test-case-jepara\virgiawan\vendor\codeigniter4\framework\system\CodeIgniter.php(419): CodeIgniter\CodeIgniter->runController(Object(App\Controllers\Home))
#2 C:\xampp\htdocs\test-case-jepara\virgiawan\vendor\codeigniter4\framework\system\CodeIgniter.php(326): CodeIgniter\CodeIgniter->handleRequest(NULL, Object(Config\Cache), false)
#3 C:\xampp\htdocs\test-case-jepara\virgiawan\public\index.php(37): CodeIgniter\CodeIgniter->run()
#4 C:\xampp\htdocs\test-case-jepara\virgiawan\vendor\codeigniter4\framework\system\Commands\Server\rewrite.php(43): require_once('C:\\xampp\\htdocs...')
#5 {main}
CRITICAL - 2022-04-02 23:58:31 --> Call to a member function findAll() on null
#0 C:\xampp\htdocs\test-case-jepara\virgiawan\vendor\codeigniter4\framework\system\CodeIgniter.php(832): App\Controllers\Home->index()
#1 C:\xampp\htdocs\test-case-jepara\virgiawan\vendor\codeigniter4\framework\system\CodeIgniter.php(419): CodeIgniter\CodeIgniter->runController(Object(App\Controllers\Home))
#2 C:\xampp\htdocs\test-case-jepara\virgiawan\vendor\codeigniter4\framework\system\CodeIgniter.php(326): CodeIgniter\CodeIgniter->handleRequest(NULL, Object(Config\Cache), false)
#3 C:\xampp\htdocs\test-case-jepara\virgiawan\public\index.php(37): CodeIgniter\CodeIgniter->run()
#4 C:\xampp\htdocs\test-case-jepara\virgiawan\vendor\codeigniter4\framework\system\Commands\Server\rewrite.php(43): require_once('C:\\xampp\\htdocs...')
#5 {main}
CRITICAL - 2022-04-02 23:58:48 --> Class 'App\Model\M_category' not found
#0 C:\xampp\htdocs\test-case-jepara\virgiawan\vendor\codeigniter4\framework\system\CodeIgniter.php(809): App\Controllers\Home->__construct()
#1 C:\xampp\htdocs\test-case-jepara\virgiawan\vendor\codeigniter4\framework\system\CodeIgniter.php(410): CodeIgniter\CodeIgniter->createController()
#2 C:\xampp\htdocs\test-case-jepara\virgiawan\vendor\codeigniter4\framework\system\CodeIgniter.php(326): CodeIgniter\CodeIgniter->handleRequest(NULL, Object(Config\Cache), false)
#3 C:\xampp\htdocs\test-case-jepara\virgiawan\public\index.php(37): CodeIgniter\CodeIgniter->run()
#4 C:\xampp\htdocs\test-case-jepara\virgiawan\vendor\codeigniter4\framework\system\Commands\Server\rewrite.php(43): require_once('C:\\xampp\\htdocs...')
#5 {main}
